<?xml version="1.0" encoding="UTF-8"?>
<!-- Generated by org.testng.reporters.JUnitReportReporter -->
<testsuite hostname="ASCINLAP61474" failures="0" tests="1" name="Pack1.TC009_TestNG" time="0.003" errors="0" timestamp="2025-10-16T12:53:32 IST" skipped="0">
  <testcase classname="Pack1.TC009_TestNG" name="f" time="0.003"/>
  <system-out/>
</testsuite> <!-- Pack1.TC009_TestNG -->
