<?xml version="1.0" encoding="UTF-8"?>
<!-- Generated by org.testng.reporters.JUnitReportReporter -->
<testsuite hostname="ASCINLAP61474" failures="0" tests="2" name="Pack1.Lab9TestNG" time="62.511" errors="0" timestamp="2025-10-16T15:05:23 IST" skipped="0">
  <testcase classname="Pack1.Lab9TestNG" name="testOnEdge" time="35.851"/>
  <system-out/>
  <testcase classname="Pack1.Lab9TestNG" name="testOnChrome" time="26.660"/>
  <system-out/>
</testsuite> <!-- Pack1.Lab9TestNG -->
