<?xml version="1.0" encoding="UTF-8"?>
<!-- Generated by org.testng.reporters.JUnitReportReporter -->
<testsuite hostname="ASCINLAP61474" failures="0" tests="4" name="Pack1.Lab8_TestNG" time="1.602" errors="0" timestamp="2025-10-16T21:55:44 IST" skipped="0">
  <testcase classname="Pack1.Lab8_TestNG" name="verifyHomePageTitle" time="0.018"/>
  <system-out>
    <![CDATA[Verifying home page title: Your Store]]>
  </system-out>
  <testcase classname="Pack1.Lab8_TestNG" name="navigateToMacSection" time="0.485"/>
  <system-out>
    <![CDATA[Clicked on 'Desktops' tab
Clicked on 'Mac' link
Verifying heading: Mac]]>
  </system-out>
  <testcase classname="Pack1.Lab8_TestNG" name="sortAndAddToCart" time="0.379"/>
  <system-out>
    <![CDATA[Selected 'Name (A - Z)' from Sort By dropdown
Clicked on 'Add to Cart' button]]>
  </system-out>
  <testcase classname="Pack1.Lab8_TestNG" name="searchMonitorsAndRefine" time="0.720"/>
  <system-out>
    <![CDATA[Entered 'Monitors' in search box
Clicked on 'Search' button
Search results loaded
Cleared search criteria
Checked 'Search in product descriptions'
Clicked on 'Search' button again]]>
  </system-out>
</testsuite> <!-- Pack1.Lab8_TestNG -->
