<?xml version="1.0" encoding="UTF-8"?>
<!-- Generated by org.testng.reporters.JUnitReportReporter -->
<testsuite hostname="ASCINLAP61474" failures="0" tests="4" name="Pack1.TC0010_Priority" time="0.005" errors="0" timestamp="2025-10-16T12:53:32 IST" skipped="0">
  <testcase classname="Pack1.TC0010_Priority" name="zohotest" time="0.001"/>
  <system-out/>
  <testcase classname="Pack1.TC0010_Priority" name="amazontest" time="0.001"/>
  <system-out/>
  <testcase classname="Pack1.TC0010_Priority" name="yahootest" time="0.001"/>
  <system-out/>
  <testcase classname="Pack1.TC0010_Priority" name="aaaa" time="0.002"/>
  <system-out/>
</testsuite> <!-- Pack1.TC0010_Priority -->
